<?xml version="1.0" encoding="UTF-8"?>
<!-- Generated by org.testng.reporters.JUnitXMLReporter -->
<testsuite hostname="DESKTOP-J80IKB4" name="Test" tests="7" failures="0" timestamp="17 Mar 2021 22:27:24 GMT" time="42.158" errors="0">
  <testcase name="BasePageNavigation" time="14.753" classname="Tests.TestScenarios"/>
  <testcase name="goTo_ForRentPage" time="0.161" classname="Tests.TestScenarios"/>
  <testcase name="selectCity" time="6.026" classname="Tests.TestScenarios"/>
  <testcase name="selectCounty" time="4.451" classname="Tests.TestScenarios"/>
  <testcase name="selectRoomAndsearchAll" time="7.192" classname="Tests.TestScenarios"/>
  <testcase name="gotoListingPage" time="5.246" classname="Tests.TestScenarios"/>
  <testcase name="showPhoneNumber" time="4.284" classname="Tests.TestScenarios"/>
</testsuite> <!-- Test -->
